2022-12-13 17:44:38,638 - INFO - The letter o is not in the word. Try again.
2022-12-13 17:44:39,760 - INFO - The letter u is not in the word. Try again.
2022-12-13 17:44:41,984 - INFO - The letter v is not in the word. Try again.
2022-12-13 17:44:43,111 - INFO - The letter d is not in the word. Try again.
2022-12-13 17:45:00,396 - INFO - The letter y is not in the word. Try again.
2022-12-13 17:45:01,891 - INFO - The letter w is not in the word. Try again.
2022-12-13 17:45:03,637 - INFO - The letter q is not in the word. Try again.
2022-12-13 17:45:05,493 - INFO - The letter c is not in the word. Try again.
2022-12-13 17:45:07,095 - INFO - The letter s is not in the word. Try again.
2022-12-13 17:45:08,610 - INFO - The letter k is not in the word. Try again.
2022-12-13 17:45:09,718 - INFO - Sorry! The word was "little". Try again!!! :)
2022-12-15 17:23:37,235 - INFO - The letter m is not in the word. Try again.
2022-12-15 17:23:38,438 - INFO - The letter o is not in the word. Try again.
2022-12-15 17:23:40,189 - INFO - The letter a is not in the word. Try again.
2022-12-15 17:23:41,624 - INFO - The letter s is not in the word. Try again.
2022-12-15 17:23:44,240 - INFO - The letter f is not in the word. Try again.
2022-12-15 17:23:45,772 - INFO - The letter g is not in the word. Try again.
2022-12-15 17:23:48,387 - INFO - The letter j is not in the word. Try again.
2022-12-15 17:23:49,964 - INFO - The letter k is not in the word. Try again.
2022-12-15 17:23:52,131 - INFO - The letter l is not in the word. Try again.
2022-12-15 17:23:53,684 - INFO - The letter z is not in the word. Try again.
2022-12-15 17:23:54,834 - INFO - Sorry! The word was "hundred". Try again!!! :)
2022-12-15 18:11:52,008 - INFO - The letter t is not in the word. Try again.
2022-12-15 18:11:53,229 - INFO - The letter y is not in the word. Try again.
2022-12-15 18:11:55,560 - INFO - The letter e is not in the word. Try again.
2022-12-15 18:11:56,976 - INFO - The letter w is not in the word. Try again.
2022-12-15 18:11:58,709 - INFO - The letter q is not in the word. Try again.
2022-12-15 18:11:59,943 - INFO - The letter a is not in the word. Try again.
2022-12-15 18:12:05,177 - INFO - The letter f is not in the word. Try again.
2022-12-15 18:12:06,867 - INFO - The letter h is not in the word. Try again.
2022-12-15 18:12:08,610 - INFO - The letter j is not in the word. Try again.
2022-12-15 18:12:14,265 - INFO - The letter k is not in the word. Try again.
2022-12-15 18:12:15,430 - INFO - Sorry! The word was "And". Try again!!! :)
2022-12-15 19:55:48,299 - INFO - The letter u is not in the word. Try again.
2022-12-15 19:55:49,948 - INFO - The letter t is not in the word. Try again.
2022-12-15 19:55:55,895 - INFO - The letter m is not in the word. Try again.
2022-12-15 19:56:00,034 - INFO - The letter l is not in the word. Try again.
2022-12-15 19:56:01,662 - INFO - The letter q is not in the word. Try again.
2022-12-15 19:56:04,619 - INFO - The letter s is not in the word. Try again.
2022-12-15 19:56:10,457 - INFO - Congratulation! You win! The word was "{word}" 
2022-12-15 20:04:13,805 - INFO - The letter n is not in the word. Try again.
2022-12-15 20:04:15,462 - INFO - The letter i is not in the word. Try again.
2022-12-15 20:04:17,019 - INFO - The letter t is not in the word. Try again.
2022-12-15 20:04:18,482 - INFO - The letter a is not in the word. Try again.
2022-12-15 20:04:19,844 - INFO - The letter s is not in the word. Try again.
2022-12-15 20:04:21,386 - INFO - The letter m is not in the word. Try again.
2022-12-15 20:04:24,503 - INFO - The letter x is not in the word. Try again.
2022-12-15 20:04:25,963 - INFO - The letter z is not in the word. Try again.
2022-12-15 20:04:27,500 - INFO - The letter c is not in the word. Try again.
2022-12-15 20:04:28,903 - INFO - The letter v is not in the word. Try again.
2022-12-15 20:04:29,996 - INFO - Sorry! The word was "bebop". Try again!!! :)
2022-12-15 20:40:06,845 - INFO - The letter k is not in the word. Try again.
2022-12-19 19:06:41,456 - INFO - The letter o is not in the word. Try again.
2022-12-19 19:06:50,546 - INFO - The letter r is not in the word. Try again.
2022-12-19 19:06:54,938 - INFO - The letter w is not in the word. Try again.
2022-12-19 19:06:57,751 - INFO - The letter q is not in the word. Try again.
2022-12-19 19:07:00,536 - INFO - The letter z is not in the word. Try again.
2022-12-19 19:07:03,093 - INFO - The letter x is not in the word. Try again.
2022-12-19 19:07:05,374 - INFO - The letter k is not in the word. Try again.
2022-12-19 19:07:07,855 - INFO - The letter l is not in the word. Try again.
2022-12-19 19:07:51,633 - INFO - The letter u is not in the word. Try again.
2022-12-19 19:07:56,547 - INFO - The letter m is not in the word. Try again.
2022-12-19 19:07:58,295 - INFO - Sorry! The word was "necessitate". Try again!!! :)
2022-12-19 19:10:17,909 - INFO - The letter i is not in the word. Try again.
2022-12-19 19:10:20,589 - INFO - The letter t is not in the word. Try again.
2022-12-19 19:10:27,246 - INFO - The letter s is not in the word. Try again.
2022-12-19 19:10:30,806 - INFO - The letter g is not in the word. Try again.
2022-12-19 19:15:36,910 - INFO - The letter n is not in the word. Try again.
2022-12-19 19:15:41,468 - INFO - The letter d is not in the word. Try again.
2022-12-19 19:23:19,476 - INFO - The letter r is not in the word. Try again.
2022-12-19 19:23:23,585 - INFO - The letter g is not in the word. Try again.
2022-12-19 19:23:25,482 - INFO - The letter t is not in the word. Try again.
2022-12-19 19:23:30,588 - INFO - The letter i is not in the word. Try again.
2022-12-19 19:34:04,418 - INFO - The letter r is not in the word. Try again.
2022-12-19 19:34:09,415 - INFO - The letter p is not in the word. Try again.
2022-12-19 19:34:17,677 - INFO - The letter q is not in the word. Try again.
2022-12-19 19:34:19,701 - INFO - The letter e is not in the word. Try again.
2022-12-19 19:34:26,733 - INFO - The letter c is not in the word. Try again.
2022-12-19 19:34:28,592 - INFO - The letter x is not in the word. Try again.
2022-12-19 19:34:30,147 - INFO - The letter s is not in the word. Try again.
2022-12-19 19:34:32,842 - INFO - The letter k is not in the word. Try again.
2022-12-19 19:34:34,270 - INFO - The letter j is not in the word. Try again.
2022-12-19 19:34:38,658 - INFO - The letter v is not in the word. Try again.
2022-12-19 19:34:39,756 - INFO - Sorry! The word was "Columbia". Try again!!! :)
2022-12-19 19:36:46,617 - INFO - The letter d is not in the word. Try again.
2022-12-19 19:37:12,486 - INFO - The letter a is not in the word. Try again.
2022-12-19 19:37:15,765 - INFO - The letter r is not in the word. Try again.
2022-12-19 19:37:28,553 - INFO - The letter p is not in the word. Try again.
2022-12-19 19:37:32,092 - INFO - The letter l is not in the word. Try again.
2022-12-19 19:37:33,922 - INFO - The letter v is not in the word. Try again.
2022-12-19 19:37:36,849 - INFO - The letter m is not in the word. Try again.
2022-12-19 19:37:42,884 - INFO - Congratulation! You win! The word was "{word}" 
2022-12-19 19:39:50,147 - INFO - The letter a is not in the word. Try again.
2022-12-19 19:39:51,781 - INFO - The letter i is not in the word. Try again.
2022-12-19 19:39:53,416 - INFO - The letter o is not in the word. Try again.
2022-12-19 19:39:55,059 - INFO - The letter u is not in the word. Try again.
2022-12-19 19:39:56,976 - INFO - The letter t is not in the word. Try again.
2022-12-19 19:39:58,471 - INFO - The letter m is not in the word. Try again.
2022-12-19 19:39:59,966 - INFO - The letter n is not in the word. Try again.
2022-12-19 19:40:01,475 - INFO - The letter b is not in the word. Try again.
2022-12-19 19:40:02,975 - INFO - The letter v is not in the word. Try again.
2022-12-19 19:40:05,543 - INFO - The letter z is not in the word. Try again.
2022-12-19 19:40:06,626 - INFO - Sorry! The word was "p". Try again!!! :)
2022-12-19 19:50:47,438 - INFO - The letter o is not in the word. Try again.
2022-12-19 19:50:52,813 - INFO - The letter m is not in the word. Try again.
2022-12-19 19:50:54,715 - INFO - The letter b is not in the word. Try again.
2022-12-19 19:50:56,281 - INFO - The letter v is not in the word. Try again.
2022-12-19 19:50:57,794 - INFO - The letter x is not in the word. Try again.
2022-12-19 19:51:00,601 - INFO - The letter q is not in the word. Try again.
2022-12-19 19:51:02,466 - INFO - The letter w is not in the word. Try again.
2022-12-19 19:51:04,166 - INFO - The letter e is not in the word. Try again.
2022-12-19 19:51:06,852 - INFO - The letter t is not in the word. Try again.
2022-12-19 19:51:08,423 - INFO - The letter y is not in the word. Try again.
2022-12-19 19:51:09,519 - INFO - Sorry! The word was "scalar". Try again!!! :)
